Arguments: 
  /usr/local/bin/node /Users/ben/.yarn/bin/yarn.js

PATH: 
  /Users/ben/.rvm/gems/ruby-2.4.3/bin:/Users/ben/.rvm/gems/ruby-2.4.3@global/bin:/Users/ben/.rvm/rubies/ruby-2.4.3/bin:/Library/Frameworks/Python.framework/Versions/3.6/bin:/Users/ben/.yarn/bin:/usr/local/bin:/usr/bin:/bin:/usr/sbin:/sbin:/opt/X11/bin:/Users/ben/.rvm/bin

Yarn version: 
  1.7.0

Node version: 
  8.9.2

Platform: 
  darwin x64

Trace: 
  Error: https://github.com/ftlabs/fastclick/pull/554: Invalid tar header. Maybe the tar is corrupted or it needs to be gunzipped?
      at Object.module.exports.exports.decode (/Users/ben/.yarn/lib/cli.js:77578:43)
      at Extract.onheader (/Users/ben/.yarn/lib/cli.js:146111:39)
      at Extract.module.exports.Extract._write (/Users/ben/.yarn/lib/cli.js:146237:8)
      at doWrite (/Users/ben/.yarn/lib/cli.js:73566:64)
      at writeOrBuffer (/Users/ben/.yarn/lib/cli.js:73555:5)
      at Extract.module.exports.Writable.write (/Users/ben/.yarn/lib/cli.js:73492:11)
      at Duplexify.ondata (/Users/ben/.yarn/lib/cli.js:72640:20)
      at emitOne (events.js:116:13)
      at Duplexify.emit (events.js:211:7)
      at readableAddChunk (/Users/ben/.yarn/lib/cli.js:72311:18)

npm manifest: 
  {
    "name": "ember-cli-fastclick",
    "version": "1.4.1",
    "directories": {
      "doc": "doc",
      "test": "tests"
    },
    "scripts": {
      "build": "ember build",
      "start": "ember server",
      "test": "ember try:testall"
    },
    "repository": "https://www.github.com/ember-mobile/ember-cli-fastclick",
    "engines": {
      "node": ">= 0.10.0"
    },
    "author": "Moritz Lawitschka",
    "license": "MIT",
    "devDependencies": {
      "broccoli-asset-rev": "^2.4.2",
      "ember-ajax": "0.7.1",
      "ember-cli": "2.5.0",
      "ember-cli-app-version": "^1.0.0",
      "ember-cli-dependency-checker": "^1.2.0",
      "ember-cli-htmlbars": "^1.0.5",
      "ember-cli-htmlbars-inline-precompile": "^0.3.1",
      "ember-cli-inject-live-reload": "^1.4.0",
      "ember-cli-qunit": "^1.4.1",
      "ember-cli-release": "1.0.0-beta.1",
      "ember-cli-sri": "^2.1.0",
      "ember-cli-uglify": "^1.2.0",
      "ember-disable-prototype-extensions": "^1.1.0",
      "ember-export-application-global": "^1.0.5",
      "ember-load-initializers": "^0.5.1",
      "ember-resolver": "^2.0.3",
      "ember-suave": "2.0.1",
      "loader.js": "^4.0.1"
    },
    "description": "Drop-in FastClick support for Ember CLI apps.",
    "keywords": [
      "ember-addon",
      "ember",
      "fast",
      "click",
      "fastclick",
      "mobile",
      "touch",
      "delay"
    ],
    "dependencies": {
      "broccoli-funnel": "^1.0.1",
      "broccoli-merge-trees": "^1.1.1",
      "broccoli-stew": "^1.0.1",
      "ember-cli-babel": "^5.1.6",
      "fastclick": "https://github.com/ftlabs/fastclick/pull/554"
    },
    "ember-addon": {
      "configPath": "tests/dummy/config"
    }
  }

yarn manifest: 
  No manifest

Lockfile: 
  No lockfile
